<?xml version="1.0" encoding="utf-8"?><testsuites name="pytest tests"><testsuite name="pytest" errors="0" failures="3" skipped="0" tests="263" time="13.291" timestamp="2026-03-16T00:00:52.648989+00:00" hostname="HAL9003"><testcase classname="tests.test_api_calls.TestSuggestGapPrompt" name="test_happy_path_with_prompts" time="0.020" /><testcase classname="tests.test_api_calls.TestSuggestGapPrompt" name="test_happy_path_with_frames" time="0.029" /><testcase classname="tests.test_api_calls.TestSuggestGapPrompt" name="test_no_context_400" time="0.013" /><testcase classname="tests.test_api_calls.TestSuggestGapPrompt" name="test_missing_gemini_key_400" time="0.014" /><testcase classname="tests.test_api_calls.TestSuggestGapPrompt" name="test_timeout_504" time="0.017" /><testcase classname="tests.test_api_calls.TestRetake" name="test_happy_path_binary_response" time="0.017" /><testcase classname="tests.test_api_calls.TestRetake" name="test_happy_path_json_video_url" time="0.015" /><testcase classname="tests.test_api_calls.TestRetake" name="test_duration_too_short" time="0.016" /><testcase classname="tests.test_api_calls.TestRetake" name="test_video_not_found" time="0.015" /><testcase classname="tests.test_api_calls.TestRetake" name="test_no_api_key" time="0.015" /><testcase classname="tests.test_api_calls.TestRetake" name="test_upload_url_failure" time="0.015" /><testcase classname="tests.test_api_calls.TestRetake" name="test_video_upload_failure" time="0.019" /><testcase classname="tests.test_api_calls.TestRetake" name="test_retake_api_422_safety_filter" time="0.015" /><testcase classname="tests.test_api_calls.TestRetake" name="test_prompt_and_mode_forwarded" time="0.015" /><testcase classname="tests.test_api_calls.TestRetake" name="test_local_retake_happy_path" time="1.993" /><testcase classname="tests.test_api_calls.TestRetake" name="test_local_retake_mode_mapping" time="0.043" /><testcase classname="tests.test_api_calls.TestRetake" name="test_prefers_api_video_routes_retake_to_api" time="0.015" /><testcase classname="tests.test_api_calls.TestRetake" name="test_prefers_api_video_without_key_falls_back_to_local_retake" time="0.042" /><testcase classname="tests.test_auth" name="test_request_without_token_returns_401" time="0.016" /><testcase classname="tests.test_auth" name="test_request_with_correct_bearer_token" time="0.016" /><testcase classname="tests.test_auth" name="test_request_with_correct_basic_auth" time="0.015" /><testcase classname="tests.test_auth" name="test_request_with_wrong_token_returns_401" time="0.014" /><testcase classname="tests.test_auth" name="test_health_without_token_returns_401" time="0.012" /><testcase classname="tests.test_auth" name="test_no_auth_token_disables_middleware" time="0.015" /><testcase classname="tests.test_auth" name="test_websocket_with_token_query_param" time="0.015" /><testcase classname="tests.test_conditioning_cache.TestConditioningCache" name="test_get_returns_none_for_missing_key" time="0.003" /><testcase classname="tests.test_conditioning_cache.TestConditioningCache" name="test_put_then_get_returns_entry" time="0.002" /><testcase classname="tests.test_conditioning_cache.TestConditioningCache" name="test_cleanup_removes_files_and_clears" time="0.003" /><testcase classname="tests.test_conditioning_cache.TestConditioningCache" name="test_cleanup_tolerates_already_deleted_files" time="0.002" /><testcase classname="tests.test_conditioning_cache.TestConditioningCache" name="test_del_triggers_cleanup" time="0.003" /><testcase classname="tests.test_dw_pose_pipeline" name="test_apply_with_no_detected_persons_returns_black_frame" time="0.002" /><testcase classname="tests.test_dw_pose_pipeline" name="test_format_instances_inserts_neck_at_openpose_index_one" time="0.003" /><testcase classname="tests.test_dw_pose_pipeline" name="test_render_instances_draws_body_hand_and_face" time="0.019" /><testcase classname="tests.test_generation.TestGenerate" name="test_t2v_happy_path" time="0.019" /><testcase classname="tests.test_generation.TestGenerate" name="test_already_running" time="0.015" /><testcase classname="tests.test_generation.TestGenerate" name="test_i2v_nonexistent_image" time="0.017" /><testcase classname="tests.test_generation.TestGenerate" name="test_i2v_rejects_invalid_image_content_400" time="0.052" /><testcase classname="tests.test_generation.TestGenerate" name="test_resolution_mapping_540p" time="0.018" /><testcase classname="tests.test_generation.TestGenerate" name="test_resolution_mapping_720p" time="0.018" /><testcase classname="tests.test_generation.TestGenerate" name="test_locked_seed" time="0.019" /><testcase classname="tests.test_generation.TestGenerate" name="test_error_sets_generation_error" time="0.019" /><testcase classname="tests.test_generation.TestGenerate" name="test_cancelled_response" time="0.018" /><testcase classname="tests.test_generation.TestA2VGenerate" name="test_a2v_generation_happy_path" time="0.020" /><testcase classname="tests.test_generation.TestA2VGenerate" name="test_a2v_rejects_missing_audio_file" time="0.016" /><testcase classname="tests.test_generation.TestA2VGenerate" name="test_a2v_rejects_invalid_audio_content_400" time="0.017" /><testcase classname="tests.test_generation.TestA2VGenerate" name="test_a2v_forced_api_routes_to_ltx_api" time="0.020" /><testcase classname="tests.test_generation.TestA2VGenerate" name="test_a2v_prefers_api_routes_to_ltx_api" time="0.017" /><testcase classname="tests.test_generation.TestA2VGenerate" name="test_a2v_prefers_api_without_key_falls_back_to_local" time="0.019" /><testcase classname="tests.test_generation.TestA2VGenerate" name="test_a2v_forced_api_routes_to_ltx_api_with_audio_and_image" time="0.018" /><testcase classname="tests.test_generation.TestA2VGenerate" name="test_a2v_uses_resolution_map" time="0.024" /><testcase classname="tests.test_generation.TestA2VGenerate" name="test_a2v_forced_api_rejects_missing_audio_file" time="0.014" /><testcase classname="tests.test_generation.TestA2VGenerate" name="test_a2v_forced_api_missing_key_returns_integrity_error" time="0.015" /><testcase classname="tests.test_generation.TestA2VGenerate" name="test_a2v_forced_api_cancelled_response" time="0.017" /><testcase classname="tests.test_generation.TestForcedApiGenerate" name="test_prefers_api_video_routes_to_ltx_api" time="0.016" /><testcase classname="tests.test_generation.TestForcedApiGenerate" name="test_prefers_api_video_without_key_falls_back_to_local" time="0.018" /><testcase classname="tests.test_generation.TestForcedApiGenerate" name="test_t2v_routes_to_ltx_api" time="0.019" /><testcase classname="tests.test_generation.TestForcedApiGenerate" name="test_i2v_routes_to_ltx_api" time="0.017" /><testcase classname="tests.test_generation.TestForcedApiGenerate" name="test_camera_motion_none_maps_to_none_for_t2v" time="0.016" /><testcase classname="tests.test_generation.TestForcedApiGenerate" name="test_camera_motion_none_maps_to_none_for_i2v" time="0.018" /><testcase classname="tests.test_generation.TestForcedApiGenerate" name="test_i2v_fast_routes_to_fast_model" time="0.018" /><testcase classname="tests.test_generation.TestForcedApiGenerate" name="test_invalid_forced_model_rejected" time="0.015" /><testcase classname="tests.test_generation.TestForcedApiGenerate" name="test_missing_api_key_returns_integrity_error" time="0.016" /><testcase classname="tests.test_generation.TestForcedApiGenerate" name="test_invalid_forced_resolution_rejected" time="0.015" /><testcase classname="tests.test_generation.TestForcedApiGenerate" name="test_invalid_forced_duration_rejected" time="0.016" /><testcase classname="tests.test_generation.TestForcedApiGenerate" name="test_invalid_forced_fps_rejected" time="0.016" /><testcase classname="tests.test_generation.TestForcedApiGenerate" name="test_invalid_camera_motion_rejected_with_422" time="0.016" /><testcase classname="tests.test_generation.TestForcedApiGenerate" name="test_forced_api_cancelled_response" time="0.020" /><testcase classname="tests.test_generation.TestForcedApiGenerate" name="test_portrait_resolution_1080p" time="0.115" /><testcase classname="tests.test_generation.TestForcedApiGenerate" name="test_portrait_resolution_1440p" time="0.015" /><testcase classname="tests.test_generation.TestForcedApiGenerate" name="test_portrait_resolution_4k" time="0.016" /><testcase classname="tests.test_generation.TestForcedApiGenerate" name="test_default_landscape_when_aspect_ratio_omitted" time="0.016" /><testcase classname="tests.test_generation.TestForcedApiGenerate" name="test_invalid_aspect_ratio_rejected" time="0.015" /><testcase classname="tests.test_generation.TestForcedApiGenerate" name="test_extended_durations_for_fast_1080p_24fps" time="0.016" /><testcase classname="tests.test_generation.TestForcedApiGenerate" name="test_extended_duration_rejected_for_pro_1080p_24fps" time="0.016" /><testcase classname="tests.test_generation.TestForcedApiGenerate" name="test_extended_duration_rejected_for_fast_1440p_24fps" time="0.016" /><testcase classname="tests.test_generation.TestForcedApiGenerate" name="test_fps_24_accepted" time="0.016" /><testcase classname="tests.test_generation.TestForcedApiGenerate" name="test_fps_48_accepted" time="0.016" /><testcase classname="tests.test_generation.TestForcedApiGenerate" name="test_a2v_portrait_resolution" time="0.022" /><testcase classname="tests.test_generation.TestForcedApiGenerate" name="test_a2v_forced_api_overrides_resolution_and_aspect_ratio" time="0.017" /><testcase classname="tests.test_generation.TestGenerateCancel" name="test_cancel_active" time="0.016" /><testcase classname="tests.test_generation.TestGenerateCancel" name="test_cancel_no_active" time="0.016" /><testcase classname="tests.test_generation.TestGenerationProgress" name="test_idle" time="0.017" /><testcase classname="tests.test_generation.TestGenerationProgress" name="test_running" time="0.015" /><testcase classname="tests.test_generation.TestGenerationProgress" name="test_running_from_api_generation_state" time="0.015" /><testcase classname="tests.test_generation.TestGenerateImage" name="test_happy_path" time="0.019" /><testcase classname="tests.test_generation.TestGenerateImage" name="test_dimension_clamping" time="0.019" /><testcase classname="tests.test_generation.TestGenerateImage" name="test_num_images_clamped" time="0.022" /><testcase classname="tests.test_generation.TestGenerateImage" name="test_error" time="0.020" /><testcase classname="tests.test_generation.TestGenerateImage" name="test_cancelled" time="0.023" /><testcase classname="tests.test_generation.TestForcedApiGenerateImage" name="test_generate_image_routes_to_zit_api" time="0.018" /><testcase classname="tests.test_generation.TestForcedApiGenerateImage" name="test_generate_image_missing_fal_key" time="0.017" /><testcase classname="tests.test_generation.TestForcedApiGenerateImage" name="test_generate_image_cancelled" time="0.016" /><testcase classname="tests.test_generation.TestEmptyPromptRejected" name="test_empty_prompt_rejected" time="0.016" /><testcase classname="tests.test_generation.TestEmptyPromptRejected" name="test_whitespace_prompt_rejected" time="0.017" /><testcase classname="tests.test_generation.TestEmptyPromptRejected" name="test_missing_prompt_rejected" time="0.017" /><testcase classname="tests.test_generation.TestEmptyPromptRejected" name="test_empty_image_prompt_rejected" time="0.016" /><testcase classname="tests.test_generation.TestEmptyPromptRejected" name="test_whitespace_image_prompt_rejected" time="0.016" /><testcase classname="tests.test_generation.TestEmptyPromptRejected" name="test_missing_image_prompt_rejected" time="0.014" /><testcase classname="tests.test_generation.TestEnhancePromptFlag" name="test_t2v_enhance_enabled" time="0.021" /><testcase classname="tests.test_generation.TestEnhancePromptFlag" name="test_t2v_enhance_disabled" time="0.018" /><testcase classname="tests.test_generation.TestEnhancePromptFlag" name="test_i2v_enhance_enabled" time="0.029" /><testcase classname="tests.test_generation.TestEnhancePromptFlag" name="test_i2v_enhance_disabled" time="0.028" /><testcase classname="tests.test_generation.TestEnhancePromptFlag" name="test_a2v_without_image_uses_t2v_setting" time="0.019" /><testcase classname="tests.test_generation.TestEnhancePromptFlag" name="test_a2v_with_image_uses_i2v_setting" time="0.029" /><testcase classname="tests.test_generation.TestEnhancePromptFlag" name="test_local_encoding_skips_api" time="0.018" /><testcase classname="tests.test_health.TestHealth" name="test_no_models_loaded" time="0.016" /><testcase classname="tests.test_health.TestHealth" name="test_fast_model_loaded" time="0.015" /><testcase classname="tests.test_health.TestHealth" name="test_models_downloaded" time="0.019" /><testcase classname="tests.test_health.TestHealth" name="test_cors_header" time="0.015" /><testcase classname="tests.test_health.TestGpuInfo" name="test_no_gpu" time="0.020" /><testcase classname="tests.test_health.TestGpuInfo" name="test_with_cuda" time="0.015" /><testcase classname="tests.test_health.TestGpuInfo" name="test_with_mps" time="0.015" /><testcase classname="tests.test_ic_lora.TestIcLoraDownload" name="test_start_download_when_missing" time="0.018" /><testcase classname="tests.test_ic_lora.TestIcLoraDownload" name="test_already_downloaded" time="0.017" /><testcase classname="tests.test_ic_lora.TestIcLoraDownload" name="test_conflict_when_download_in_progress" time="0.015" /><testcase classname="tests.test_ic_lora.TestIcLoraDownload" name="test_download_error_propagates_to_progress" time="0.018" /><testcase classname="tests.test_ic_lora.TestIcLoraExtractConditioning" name="test_canny_extraction" time="0.017" /><testcase classname="tests.test_ic_lora.TestIcLoraExtractConditioning" name="test_depth_extraction" time="0.017" /><testcase classname="tests.test_ic_lora.TestIcLoraExtractConditioning" name="test_rejects_unsupported_conditioning_type" time="0.016" /><testcase classname="tests.test_ic_lora.TestIcLoraExtractConditioning" name="test_unreadable_frame" time="0.016" /><testcase classname="tests.test_ic_lora.TestIcLoraGenerate" name="test_happy_path" time="0.023" /><testcase classname="tests.test_ic_lora.TestIcLoraGenerate" name="test_video_not_found" time="0.017" /><testcase classname="tests.test_ic_lora.TestIcLoraGenerate" name="test_ic_lora_not_downloaded" time="0.016" /><testcase classname="tests.test_ic_lora.TestIcLoraGenerate" name="test_empty_prompt_rejected" time="0.018" /><testcase classname="tests.test_ic_lora.TestIcLoraGenerate" name="test_pipeline_error" time="0.019" /><testcase classname="tests.test_ic_lora.TestIcLoraGenerate" name="test_rejects_unsupported_conditioning_type" time="0.017" /><testcase classname="tests.test_ic_lora.TestIcLoraGenerate" name="test_depth_processor_not_downloaded" time="0.017" /><testcase classname="tests.test_ic_lora.TestIcLoraGenerate" name="test_second_generation_reuses_conditioning_cache" time="0.021" /><testcase classname="tests.test_import_safety" name="test_conftest_does_not_stub_modules_or_import_runtime_bootstrap" time="0.003" /><testcase classname="tests.test_import_safety" name="test_app_factory_is_importable" time="0.002" /><testcase classname="tests.test_logging_policy" name="test_http_500_logs_single_traceback" time="0.016" /><testcase classname="tests.test_logging_policy" name="test_http_400_logs_without_traceback" time="0.015" /><testcase classname="tests.test_logging_policy" name="test_unhandled_exception_logs_single_traceback" time="0.022" /><testcase classname="tests.test_logging_policy" name="test_background_runner_logs_once_and_calls_error_callback" time="0.004" /><testcase classname="tests.test_logging_policy" name="test_logger_exception_usage_is_restricted_to_boundaries" time="0.195" /><testcase classname="tests.test_ltx_api_client" name="test_generate_text_to_video_returns_binary_content" time="0.003" /><testcase classname="tests.test_ltx_api_client" name="test_generate_image_to_video_with_image_uri_downloads_video" time="0.003" /><testcase classname="tests.test_ltx_api_client" name="test_generate_text_to_video_omits_camera_motion_when_none" time="0.003" /><testcase classname="tests.test_ltx_api_client" name="test_generate_text_to_video_raises_on_non_200" time="0.002" /><testcase classname="tests.test_ltx_api_client" name="test_upload_file_returns_storage_uri" time="0.036" /><testcase classname="tests.test_ltx_api_client" name="test_generate_audio_to_video_with_audio_uri_downloads_video" time="0.003" /><testcase classname="tests.test_ltx_api_client" name="test_generate_audio_to_video_with_image_uri_posts_both_inputs" time="0.003" /><testcase classname="tests.test_ltx_api_client" name="test_generate_audio_to_video_raises_on_non_200" time="0.002" /><testcase classname="tests.test_ltx_api_client" name="test_retake_returns_direct_video_bytes" time="0.003" /><testcase classname="tests.test_ltx_api_client" name="test_retake_json_video_url_downloads_bytes" time="0.003" /><testcase classname="tests.test_ltx_api_client" name="test_retake_json_without_video_url_returns_payload" time="0.003" /><testcase classname="tests.test_ltx_api_client" name="test_retake_422_maps_to_safety_filter_error" time="0.003" /><testcase classname="tests.test_ltx_api_client" name="test_retake_upload_init_failure_maps_message" time="0.003" /><testcase classname="tests.test_model_download_specs" name="test_specs_cover_all_model_types" time="0.003" /><testcase classname="tests.test_model_download_specs" name="test_model_path_resolves_from_relative_path" time="0.003" /><testcase classname="tests.test_model_download_specs" name="test_downloading_path_is_derived_from_specs" time="0.002" /><testcase classname="tests.test_model_download_specs" name="test_downloading_path_supports_nested_relative_parents" time="0.003" /><testcase classname="tests.test_model_download_specs" name="test_model_paths_reject_parent_traversal" time="0.003" /><testcase classname="tests.test_model_download_specs" name="test_required_model_types_remain_dynamic_for_text_encoder" time="0.002" /><testcase classname="tests.test_model_download_specs" name="test_required_model_types_empty_base_stays_empty" time="0.003" /><testcase classname="tests.test_model_layout_migration" name="test_migration_moves_legacy_contents_and_cleans_empty_legacy_dir" time="0.006" /><testcase classname="tests.test_model_layout_migration" name="test_migration_keeps_existing_targets_and_leaves_conflicting_legacy_items" time="0.005" /><testcase classname="tests.test_model_layout_migration" name="test_migration_removes_empty_legacy_dir" time="0.003" /><testcase classname="tests.test_models.TestModelsList" name="test_defaults" time="0.015" /><testcase classname="tests.test_models.TestModelsList" name="test_custom_pro_steps" time="0.014" /><testcase classname="tests.test_models.TestModelsStatus" name="test_nothing_downloaded" time="0.017" /><testcase classname="tests.test_models.TestModelsStatus" name="test_ic_lora_is_optional_and_reported" time="0.016" /><testcase classname="tests.test_models.TestModelsStatus" name="test_depth_person_detector_and_pose_are_optional_and_reported" time="0.017" /><testcase classname="tests.test_models.TestModelsStatus" name="test_all_downloaded" time="0.019" /><testcase classname="tests.test_models.TestModelsStatus" name="test_with_api_key" time="0.020" /><testcase classname="tests.test_models.TestModelsStatus" name="test_forced_mode_requires_no_local_models" time="0.017" /><testcase classname="tests.test_models.TestDownloadProgress" name="test_unknown_session_returns_404" time="0.014" /><testcase classname="tests.test_models.TestDownloadProgress" name="test_missing_session_id_returns_422" time="0.015" /><testcase classname="tests.test_models.TestDownloadProgress" name="test_active" time="0.019" /><testcase classname="tests.test_models.TestDownloadProgress" name="test_completed_session" time="0.015" /><testcase classname="tests.test_models.TestDownloadProgress" name="test_error_session" time="0.014" /><testcase classname="tests.test_models.TestRequiredModels" name="test_default_required_models" time="0.015" /><testcase classname="tests.test_models.TestRequiredModels" name="test_skip_text_encoder_flag" time="0.016" /><testcase classname="tests.test_models.TestRequiredModels" name="test_api_key_auto_excludes_text_encoder" time="0.016" /><testcase classname="tests.test_models.TestRequiredModels" name="test_forced_mode_returns_empty_set" time="0.016" /><testcase classname="tests.test_models.TestModelDownload" name="test_start_success" time="0.021" /><testcase classname="tests.test_models.TestModelDownload" name="test_already_in_progress" time="0.016" /><testcase classname="tests.test_models.TestModelDownload" name="test_download_without_text_encoder" time="0.020" /><testcase classname="tests.test_models.TestModelDownload" name="test_download_ic_lora_depth_person_detector_pose_bundle" time="0.021" /><testcase classname="tests.test_models.TestModelDownload" name="test_empty_model_types_is_valid_noop" time="0.021" /><testcase classname="tests.test_models.TestModelDownload" name="test_forced_mode_downloads_no_local_models" time="0.016" /><testcase classname="tests.test_models.TestTextEncoderDownload" name="test_start_download" time="0.018" /><testcase classname="tests.test_models.TestTextEncoderDownload" name="test_already_downloaded" time="0.017" /><testcase classname="tests.test_models.TestTextEncoderDownload" name="test_already_in_progress" time="0.015" /><testcase classname="tests.test_models.TestDownloadProgressCallbacks" name="test_download_passes_progress_callback" time="0.021" /><testcase classname="tests.test_models.TestDownloadProgressCallbacks" name="test_text_encoder_download_passes_progress_callback" time="0.017" /><testcase classname="tests.test_models.TestDownloadProgressCallbacks" name="test_progress_callback_updates_state" time="0.023" /><testcase classname="tests.test_models.TestDownloadProgressCallbacks" name="test_progress_callback_updates_running_state" time="0.003" /><testcase classname="tests.test_models.TestAtomicDownloads" name="test_partial_file_in_downloading_dir_not_detected" time="0.003" /><testcase classname="tests.test_models.TestAtomicDownloads" name="test_cleanup_downloading_dir_on_startup" time="0.003" /><testcase classname="tests.test_models.TestAtomicDownloads" name="test_cleanup_downloading_dir_noop_when_absent" time="0.002" /><testcase classname="tests.test_models.TestAtomicDownloads" name="test_download_moves_files_to_final_location" time="0.021" /><testcase classname="tests.test_models.TestAtomicDownloads" name="test_text_encoder_download_moves_to_final" time="0.017" /><testcase classname="tests.test_models.TestAtomicDownloads" name="test_failed_download_cleans_up_downloading_dir" time="0.003" /><testcase classname="tests.test_models.TestHuggingFaceInternals" name="test_http_get_exists_and_is_callable" time="0.003" /><testcase classname="tests.test_models.TestHuggingFaceInternals" name="test_http_get_accepts_tqdm_bar" time="0.002" /><testcase classname="tests.test_models.TestHuggingFaceInternals" name="test_xet_get_accepts_tqdm_bar" time="0.002" /><testcase classname="tests.test_no_mock_usage" name="test_backend_tests_do_not_use_mocking_libraries" time="0.016" /><testcase classname="tests.test_pyright" name="test_pyright_has_no_errors_or_warnings" time="7.138"><failure message="AssertionError: pyright reported issues:&#10;  errorCount=1984, warningCount=24, returnCode=1&#10;  error: h:\airt\ltx\backend\api_types.py:159: Type of &quot;gguf_models&quot; is partially unknown&#10;  warning: h:\airt\ltx\backend\check_gguf.py:1: Import &quot;os&quot; is not accessed&#10;  warning: h:\airt\ltx\backend\check_gguf.py:2: Import &quot;sys&quot; is not accessed&#10;  error: h:\airt\ltx\backend\check_gguf.py:8: Type of &quot;load_text_encoder_and_tokenizer&quot; is unknown&#10;  error: h:\airt\ltx\backend\check_gguf.py:8: Argument type is unknown&#10;  error: h:\airt\ltx\backend\check_gguf.py:8: &quot;load_text_encoder_and_tokenizer&quot; is not a known attribute of module &quot;ltx_core.text_encoders.gemma&quot;&#10;  error: h:\airt\ltx\backend\handlers\download_handler.py:151: Argument of type &quot;str&quot; cannot be assigned to parameter &quot;model_type&quot; of type &quot;ModelFileType&quot; in function &quot;spec_for&quot;&#10;  error: h:\airt\ltx\backend\handlers\download_handler.py:158: Argument of type &quot;str&quot; cannot be assigned to parameter &quot;model_type&quot; of type &quot;ModelFileType&quot; in function &quot;spec_for&quot;&#10;  error: h:\airt\ltx\backend\handlers\download_handler.py:170: Argument of type &quot;str | None&quot; cannot be assigned to parameter &quot;current_downloading_file&quot; of type &quot;ModelFileType | None&quot; in function &quot;__init__&quot;&#10;  error: h:\airt\ltx\backend\handlers\download_handler.py:175: Argument of type &quot;set[str]&quot; cannot be assigned to parameter &quot;completed_files&quot; of type &quot;set[ModelFileType]&quot; in function &quot;__init__&quot;&#10;  error: h:\airt\ltx\backend\handlers\download_handler.py:176: Argument of type &quot;set[str]&quot; cannot be assigned to parameter &quot;all_files&quot; of type &quot;set[ModelFileType]&quot; in function &quot;__init__&quot;&#10;  error: h:\airt\ltx\backend\handlers\download_handler.py:220: Argument of type &quot;str&quot; cannot be assigned to parameter &quot;model_type&quot; of type &quot;ModelFileType&quot; in function &quot;spec_for&quot;&#10;  error: h:\airt\ltx\backend\handlers\download_handler.py:221: Argument of type &quot;str&quot; cannot be assigned to parameter &quot;model_type&quot; of type &quot;ModelFileType&quot; in function &quot;resolve_downloading_target_path&quot;&#10;  error: h:\airt\ltx\backend\handlers\download_handler.py:222: Argument of type &quot;str&quot; cannot be assigned to parameter &quot;model_type&quot; of type &quot;ModelFileType&quot; in function &quot;resolve_model_path&quot;&#10;  error: h:\airt\ltx\backend\handlers\download_handler.py:264: &quot;_scan_gguf_files&quot; is protected and used outside of the class in which it is declared&#10;assert (1984 == 0)">def test_pyright_has_no_errors_or_warnings() -&gt; None:
        backend_root = Path(__file__).resolve().parents[1]
        result = subprocess.run(
            ["pyright", "--outputjson"],
            cwd=backend_root,
            capture_output=True,
            text=True,
            check=False,
        )
    
        output = result.stdout.strip() or result.stderr.strip()
        assert output, "pyright produced no output"
    
        try:
            payload: dict[str, Any] = json.loads(output)
        except json.JSONDecodeError:
            normalized = output.lower()
            if "command not found" in normalized or "not found" in normalized:
                pytest.skip("pyright is not available on PATH; skipping type-check gate")
            raise AssertionError(
                "pyright did not produce valid JSON output.\n"
                f"returnCode={result.returncode}\n"
                f"{output}"
            ) from None
        summary = payload.get("summary", {})
        assert isinstance(summary, dict), "pyright JSON output missing summary"
    
        error_count = int(summary.get("errorCount", -1))
        warning_count = int(summary.get("warningCount", -1))
    
&gt;       assert error_count == 0 and warning_count == 0, (
            "pyright reported issues:\n"
            f"errorCount={error_count}, warningCount={warning_count}, returnCode={result.returncode}\n"
            f"{_format_diagnostics(payload)}"
        )
E       AssertionError: pyright reported issues:
E         errorCount=1984, warningCount=24, returnCode=1
E         error: h:\airt\ltx\backend\api_types.py:159: Type of "gguf_models" is partially unknown
E         warning: h:\airt\ltx\backend\check_gguf.py:1: Import "os" is not accessed
E         warning: h:\airt\ltx\backend\check_gguf.py:2: Import "sys" is not accessed
E         error: h:\airt\ltx\backend\check_gguf.py:8: Type of "load_text_encoder_and_tokenizer" is unknown
E         error: h:\airt\ltx\backend\check_gguf.py:8: Argument type is unknown
E         error: h:\airt\ltx\backend\check_gguf.py:8: "load_text_encoder_and_tokenizer" is not a known attribute of module "ltx_core.text_encoders.gemma"
E         error: h:\airt\ltx\backend\handlers\download_handler.py:151: Argument of type "str" cannot be assigned to parameter "model_type" of type "ModelFileType" in function "spec_for"
E         error: h:\airt\ltx\backend\handlers\download_handler.py:158: Argument of type "str" cannot be assigned to parameter "model_type" of type "ModelFileType" in function "spec_for"
E         error: h:\airt\ltx\backend\handlers\download_handler.py:170: Argument of type "str | None" cannot be assigned to parameter "current_downloading_file" of type "ModelFileType | None" in function "__init__"
E         error: h:\airt\ltx\backend\handlers\download_handler.py:175: Argument of type "set[str]" cannot be assigned to parameter "completed_files" of type "set[ModelFileType]" in function "__init__"
E         error: h:\airt\ltx\backend\handlers\download_handler.py:176: Argument of type "set[str]" cannot be assigned to parameter "all_files" of type "set[ModelFileType]" in function "__init__"
E         error: h:\airt\ltx\backend\handlers\download_handler.py:220: Argument of type "str" cannot be assigned to parameter "model_type" of type "ModelFileType" in function "spec_for"
E         error: h:\airt\ltx\backend\handlers\download_handler.py:221: Argument of type "str" cannot be assigned to parameter "model_type" of type "ModelFileType" in function "resolve_downloading_target_path"
E         error: h:\airt\ltx\backend\handlers\download_handler.py:222: Argument of type "str" cannot be assigned to parameter "model_type" of type "ModelFileType" in function "resolve_model_path"
E         error: h:\airt\ltx\backend\handlers\download_handler.py:264: "_scan_gguf_files" is protected and used outside of the class in which it is declared
E       assert (1984 == 0)

tests\test_pyright.py:65: AssertionError</failure></testcase><testcase classname="tests.test_response_models.TestGenerationProgressCamelCaseKeys" name="test_camelcase_keys" time="0.015" /><testcase classname="tests.test_response_models.TestDownloadProgressSnakeCaseKeys" name="test_snake_case_keys" time="0.016" /><testcase classname="tests.test_response_models.TestSettingsCamelCaseKeys" name="test_camelcase_keys" time="0.015" /><testcase classname="tests.test_response_models.TestGenerateSnakeCaseKeys" name="test_snake_case_keys" time="0.018" /><testcase classname="tests.test_response_models.TestGenerateImageSnakeCaseKeys" name="test_snake_case_keys" time="0.020" /><testcase classname="tests.test_runtime_policy" name="test_runtime_policy_true" time="0.016" /><testcase classname="tests.test_runtime_policy" name="test_runtime_policy_false" time="0.016" /><testcase classname="tests.test_runtime_policy_decision" name="test_darwin_always_forces_api" time="0.003" /><testcase classname="tests.test_runtime_policy_decision" name="test_windows_without_cuda_forces_api" time="0.002" /><testcase classname="tests.test_runtime_policy_decision" name="test_windows_with_low_vram_forces_api" time="0.003"><failure message="AssertionError: assert False is True&#10; +  where False = decide_force_api_generations(system='Windows', cuda_available=True, vram_gb=30)">def test_windows_with_low_vram_forces_api() -&gt; None:
&gt;       assert decide_force_api_generations(system="Windows", cuda_available=True, vram_gb=30) is True
E       AssertionError: assert False is True
E        +  where False = decide_force_api_generations(system='Windows', cuda_available=True, vram_gb=30)

tests\test_runtime_policy_decision.py:18: AssertionError</failure></testcase><testcase classname="tests.test_runtime_policy_decision" name="test_windows_with_unknown_vram_forces_api" time="0.003" /><testcase classname="tests.test_runtime_policy_decision" name="test_windows_with_required_vram_allows_local_mode" time="0.003" /><testcase classname="tests.test_runtime_policy_decision" name="test_linux_without_cuda_forces_api" time="0.003" /><testcase classname="tests.test_runtime_policy_decision" name="test_linux_with_low_vram_forces_api" time="0.003"><failure message="AssertionError: assert False is True&#10; +  where False = decide_force_api_generations(system='Linux', cuda_available=True, vram_gb=30)">def test_linux_with_low_vram_forces_api() -&gt; None:
&gt;       assert decide_force_api_generations(system="Linux", cuda_available=True, vram_gb=30) is True
E       AssertionError: assert False is True
E        +  where False = decide_force_api_generations(system='Linux', cuda_available=True, vram_gb=30)

tests\test_runtime_policy_decision.py:34: AssertionError</failure></testcase><testcase classname="tests.test_runtime_policy_decision" name="test_linux_with_unknown_vram_forces_api" time="0.003" /><testcase classname="tests.test_runtime_policy_decision" name="test_linux_with_required_vram_allows_local_mode" time="0.002" /><testcase classname="tests.test_runtime_policy_decision" name="test_other_systems_fail_closed" time="0.003" /><testcase classname="tests.test_settings.TestGetSettings" name="test_default_settings" time="0.016" /><testcase classname="tests.test_settings.TestGetSettings" name="test_reflects_changed_settings" time="0.020" /><testcase classname="tests.test_settings.TestGetSettings" name="test_has_api_key_true_when_set" time="0.024" /><testcase classname="tests.test_settings.TestPostSettings" name="test_update_single_field" time="0.025" /><testcase classname="tests.test_settings.TestPostSettings" name="test_update_multiple_fields" time="0.021" /><testcase classname="tests.test_settings.TestPostSettings" name="test_update_fast_model" time="0.017" /><testcase classname="tests.test_settings.TestPostSettings" name="test_update_pro_model" time="0.016" /><testcase classname="tests.test_settings.TestPostSettings" name="test_deep_partial_patch_preserves_nested_fields" time="0.016" /><testcase classname="tests.test_settings.TestPostSettings" name="test_prompt_cache_size_clamped_max" time="0.016" /><testcase classname="tests.test_settings.TestPostSettings" name="test_prompt_cache_size_clamped_min" time="0.017" /><testcase classname="tests.test_settings.TestPostSettings" name="test_locked_seed_clamped_range" time="0.016" /><testcase classname="tests.test_settings.TestPostSettings" name="test_prompt_cache_shrinks_cache" time="0.016" /><testcase classname="tests.test_settings.TestPostSettings" name="test_update_api_keys" time="0.017" /><testcase classname="tests.test_settings.TestPostSettings" name="test_update_user_prefers_api_video_generations" time="0.017" /><testcase classname="tests.test_settings.TestPostSettings" name="test_empty_string_does_not_erase_key" time="0.021" /><testcase classname="tests.test_settings.TestPostSettings" name="test_omitted_key_does_not_erase_key" time="0.015" /><testcase classname="tests.test_settings.TestPostSettings" name="test_unknown_field_rejected" time="0.014" /><testcase classname="tests.test_settings.TestModelsDirAdminGuard" name="test_models_dir_requires_admin_token" time="0.015" /><testcase classname="tests.test_settings.TestModelsDirAdminGuard" name="test_models_dir_with_wrong_admin_token" time="0.015" /><testcase classname="tests.test_settings.TestModelsDirAdminGuard" name="test_models_dir_with_valid_admin_token" time="0.015" /><testcase classname="tests.test_settings.TestModelsDirAdminGuard" name="test_non_admin_fields_without_admin_token" time="0.019" /><testcase classname="tests.test_settings.TestModelsDirAdminGuard" name="test_effective_models_dir_uses_custom" time="0.014" /><testcase classname="tests.test_settings.TestModelsDirAdminGuard" name="test_effective_models_dir_fallback" time="0.014" /><testcase classname="tests.test_settings.TestModelsDirAdminGuard" name="test_models_dir_persists_and_loads" time="0.018" /><testcase classname="tests.test_settings.TestSettingsPersistence" name="test_load_settings_clamps_from_disk" time="0.004" /><testcase classname="tests.test_settings.TestSettingsPersistence" name="test_legacy_prompt_enhancer_key_migrates" time="0.004" /><testcase classname="tests.test_settings.TestSettingsPersistence" name="test_user_prefers_api_video_generations_persists" time="0.017" /><testcase classname="tests.test_settings.TestSettingsSchemaDrift" name="test_update_request_tracks_app_settings_fields" time="0.003" /><testcase classname="tests.test_state_actions" name="test_start_generation_requires_gpu" time="0.003" /><testcase classname="tests.test_state_actions" name="test_generation_mutex_prevents_second_start" time="0.003" /><testcase classname="tests.test_state_actions" name="test_cancel_marks_running_generation" time="0.003" /><testcase classname="tests.test_state_actions" name="test_zit_slot_invariant_enforced" time="0.003" /><testcase classname="tests.test_state_actions" name="test_download_terminal_state_is_sticky_until_next_session" time="0.003" /><testcase classname="tests.test_state_actions" name="test_generation_progress_resets_when_pipeline_unset" time="0.003" /><testcase classname="tests.test_state_actions" name="test_api_generation_does_not_require_gpu" time="0.003" /><testcase classname="tests.test_state_actions" name="test_cancel_marks_running_api_generation" time="0.003" /><testcase classname="tests.test_state_actions" name="test_gpu_cancel_state_not_affected_by_stale_api_cancel_state" time="0.003" /><testcase classname="tests.test_state_actions" name="test_startup_state_transitions_are_tracked" time="0.003" /><testcase classname="tests.test_state_actions" name="test_handler_attributes_are_wired" time="0.003" /><testcase classname="tests.test_state_actions" name="test_rlock_allows_nested_handler_calls" time="0.003" /><testcase classname="tests.test_state_actions" name="test_warmup_marks_pipeline_warm_and_leaves_no_temp_artifact" time="0.003" /><testcase classname="tests.test_state_actions" name="test_mps_skips_torch_compile" time="0.003" /><testcase classname="tests.test_state_actions" name="test_startup_warmup_keeps_fast_on_gpu_and_preloads_zit_on_cpu" time="0.007" /><testcase classname="tests.test_state_actions" name="test_forced_mode_warmup_skips_fast_pipeline" time="0.004" /><testcase classname="tests.test_state_actions" name="test_retake_pipeline_eviction" time="0.003" /><testcase classname="tests.test_state_actions" name="test_ic_lora_load_includes_depth_resources" time="0.003" /><testcase classname="tests.test_state_actions" name="test_ic_lora_unload_clears_preprocessing_resources" time="0.004" /></testsuite></testsuites>